<?xml version="1.0" encoding="UTF-8"?>
<!-- Generated by org.testng.reporters.JUnitReportReporter -->
<testsuite skipped="0" hostname="sefikas-MacBook-Pro.local" name="com.mytests.FacebookTest" tests="2" failures="0" timestamp="2020-08-03T21:03:55 PDT" time="21.664" errors="0">
  <testcase name="facebookTitleTest_2" time="11.170" classname="com.mytests.FacebookTest"/>
  <system-out/>
  <testcase name="facebookTitleTest_1" time="10.494" classname="com.mytests.FacebookTest"/>
  <system-out/>
</testsuite> <!-- com.mytests.FacebookTest -->
