<?xml version="1.0" encoding="UTF-8"?>
<!-- Generated by org.testng.reporters.JUnitReportReporter -->
<testsuite skipped="0" hostname="sefikas-MacBook-Pro.local" name="com.mytests.GoogleTest" tests="4" failures="0" timestamp="2020-08-03T21:03:55 PDT" time="38.405" errors="0">
  <testcase name="googleTitleTest_4" time="11.332" classname="com.mytests.GoogleTest"/>
  <system-out/>
  <testcase name="googleTitleTest_3" time="10.538" classname="com.mytests.GoogleTest"/>
  <system-out/>
  <testcase name="googleTitleTest_1" time="6.831" classname="com.mytests.GoogleTest"/>
  <system-out/>
  <testcase name="googleTitleTest_2" time="9.704" classname="com.mytests.GoogleTest"/>
  <system-out/>
</testsuite> <!-- com.mytests.GoogleTest -->
